<?xml version="1.0" encoding="UTF-8"?>
<TestRun id="d49cdaa0-2411-438a-857d-2c85f1b1d2c5" name="Semga@SEMGA-ПК 2019-12-08 02:19:10" runUser="Semga-ПК\Semga" xmlns="http://microsoft.com/schemas/VisualStudio/TeamTest/2010">
  <TestSettings name="Local" id="1acbab15-3883-481c-9f11-92d11888b18f">
    <Description>These are default test settings for a local test run.</Description>
    <Deployment enabled="false" runDeploymentRoot="Semga_SEMGA-ПК 2019-12-08 02_19_10">
      <DeploymentItem filename="F:\Downloads\D2StackRandomizer-master\RandomStackGenerator\bin\Debug\RandomStackGenerator.dll" />
    </Deployment>
    <Execution>
      <TestTypeSpecific />
      <AgentRule name="Execution Agents">
      </AgentRule>
    </Execution>
  </TestSettings>
  <Times creation="2019-12-08T02:19:10.3597437+10:00" queuing="2019-12-08T02:19:10.4987517+10:00" start="2019-12-08T02:19:10.5157526+10:00" finish="2019-12-08T02:19:37.6053021+10:00" />
  <ResultSummary outcome="Warning">
    <Counters total="1" executed="1" passed="1" error="0" failed="0" timeout="0" aborted="0" inconclusive="0" passedButRunAborted="0" notRunnable="0" notExecuted="0" disconnected="0" warning="0" completed="0" inProgress="0" pending="0" />
    <RunInfos>
      <RunInfo computerName="SEMGA-ПК" outcome="Warning" timestamp="2019-12-08T02:19:10.4007461+10:00">
        <Text>Deployment is currently disabled. The deployment item 'RandomStackGenerator.dll' on test 'GenTest.RandStackTest.RandTest' was not deployed.</Text>
      </RunInfo>
    </RunInfos>
  </ResultSummary>
  <TestDefinitions>
    <UnitTest name="RandTest" storage="f:\downloads\d2stackrandomizer-master\gentest\bin\debug\gentest.dll" id="1537202a-94e5-5abd-d7bd-4d6a4b952cdf">
      <DeploymentItems>
        <DeploymentItem filename="RandomStackGenerator.dll" />
      </DeploymentItems>
      <Execution id="75acf185-43b2-4f82-9b5f-dd71bb8f0736" />
      <TestMethod codeBase="F:/Downloads/D2StackRandomizer-master/GenTest/bin/Debug/GenTest.DLL" adapterTypeName="Microsoft.VisualStudio.TestTools.TestTypes.Unit.UnitTestAdapter, Microsoft.VisualStudio.QualityTools.Tips.UnitTest.Adapter, Version=10.0.0.0, Culture=neutral, PublicKeyToken=b03f5f7f11d50a3a" className="GenTest.RandStackTest, GenTest, Version=1.0.0.0, Culture=neutral, PublicKeyToken=null" name="RandTest" />
    </UnitTest>
  </TestDefinitions>
  <TestLists>
    <TestList name="Results Not in a List" id="8c84fa94-04c1-424b-9868-57a2d4851a1d" />
    <TestList name="All Loaded Results" id="19431567-8539-422a-85d7-44ee4e166bda" />
  </TestLists>
  <TestEntries>
    <TestEntry testId="1537202a-94e5-5abd-d7bd-4d6a4b952cdf" executionId="75acf185-43b2-4f82-9b5f-dd71bb8f0736" testListId="8c84fa94-04c1-424b-9868-57a2d4851a1d" />
  </TestEntries>
  <Results>
    <UnitTestResult executionId="75acf185-43b2-4f82-9b5f-dd71bb8f0736" testId="1537202a-94e5-5abd-d7bd-4d6a4b952cdf" testName="RandTest" computerName="SEMGA-ПК" duration="00:00:26.8393814" startTime="2019-12-08T02:19:10.5207529+10:00" endTime="2019-12-08T02:19:37.5883011+10:00" testType="13cdc9d9-ddb5-4fa4-a97d-d965ccfc6d4b" outcome="Passed" testListId="8c84fa94-04c1-424b-9868-57a2d4851a1d" relativeResultsDirectory="75acf185-43b2-4f82-9b5f-dd71bb8f0736">
    </UnitTestResult>
  </Results>
</TestRun>