<?xml version="1.0" encoding="UTF-8"?>
<TestRun id="9a933178-f27f-4c89-b171-8354dacef8d6" name="Сёмга@THEMOSTBRUTAL 2019-12-08 23:46:12" runUser="THEMOSTBRUTAL\Сёмга" xmlns="http://microsoft.com/schemas/VisualStudio/TeamTest/2010">
  <TestSettings name="Local" id="1acbab15-3883-481c-9f11-92d11888b18f">
    <Description>These are default test settings for a local test run.</Description>
    <Deployment userDeploymentRoot="E:\Visual Studio Tools\RandomStackGenerator\RandomStackGenerator\TestResults" useDefaultDeploymentRoot="false" enabled="false" runDeploymentRoot="Сёмга_THEMOSTBRUTAL 2019-12-08 23_46_12">
      <DeploymentItem filename="E:\Visual Studio Tools\RandomStackGenerator\RandomStackGenerator\RandomStackGenerator\bin\Debug\RandomStackGenerator.dll" />
    </Deployment>
    <Execution>
      <TestTypeSpecific />
      <AgentRule name="Execution Agents">
      </AgentRule>
    </Execution>
  </TestSettings>
  <Times creation="2019-12-08T23:46:12.9619525+10:00" queuing="2019-12-08T23:46:13.2029663+10:00" start="2019-12-08T23:46:13.2309679+10:00" finish="2019-12-08T23:46:13.5929886+10:00" />
  <ResultSummary outcome="Completed">
    <Counters total="1" executed="1" passed="1" error="0" failed="0" timeout="0" aborted="0" inconclusive="0" passedButRunAborted="0" notRunnable="0" notExecuted="0" disconnected="0" warning="0" completed="0" inProgress="0" pending="0" />
  </ResultSummary>
  <TestDefinitions>
    <UnitTest name="GenTest" storage="e:\visual studio tools\randomstackgenerator\randomstackgenerator\gentest\bin\debug\gentest.dll" id="be5c5aed-692f-cefa-eb3f-2f5b7f45c000">
      <Execution id="8705f231-f0e8-4e42-a1d9-039ed95f2439" />
      <TestMethod codeBase="E:/Visual Studio Tools/RandomStackGenerator/RandomStackGenerator/GenTest/bin/Debug/GenTest.DLL" adapterTypeName="Microsoft.VisualStudio.TestTools.TestTypes.Unit.UnitTestAdapter, Microsoft.VisualStudio.QualityTools.Tips.UnitTest.Adapter, Version=10.0.0.0, Culture=neutral, PublicKeyToken=b03f5f7f11d50a3a" className="GenTest.RandStackTest, GenTest, Version=1.0.0.0, Culture=neutral, PublicKeyToken=null" name="GenTest" />
    </UnitTest>
  </TestDefinitions>
  <TestLists>
    <TestList name="Results Not in a List" id="8c84fa94-04c1-424b-9868-57a2d4851a1d" />
    <TestList name="All Loaded Results" id="19431567-8539-422a-85d7-44ee4e166bda" />
  </TestLists>
  <TestEntries>
    <TestEntry testId="be5c5aed-692f-cefa-eb3f-2f5b7f45c000" executionId="8705f231-f0e8-4e42-a1d9-039ed95f2439" testListId="8c84fa94-04c1-424b-9868-57a2d4851a1d" />
  </TestEntries>
  <Results>
    <UnitTestResult executionId="8705f231-f0e8-4e42-a1d9-039ed95f2439" testId="be5c5aed-692f-cefa-eb3f-2f5b7f45c000" testName="GenTest" computerName="THEMOSTBRUTAL" duration="00:00:00.0349279" startTime="2019-12-08T23:46:13.2359682+10:00" endTime="2019-12-08T23:46:13.5729875+10:00" testType="13cdc9d9-ddb5-4fa4-a97d-d965ccfc6d4b" outcome="Passed" testListId="8c84fa94-04c1-424b-9868-57a2d4851a1d" relativeResultsDirectory="8705f231-f0e8-4e42-a1d9-039ed95f2439">
    </UnitTestResult>
  </Results>
</TestRun>