<?xml version="1.0" encoding="UTF-8"?>
<TestRun id="0be46e18-d8fa-4fdf-8a2e-550e7e889c37" name="Сёмга@THEMOSTBRUTAL 2019-12-08 22:57:28" runUser="THEMOSTBRUTAL\Сёмга" xmlns="http://microsoft.com/schemas/VisualStudio/TeamTest/2010">
  <TestSettings name="Local" id="1acbab15-3883-481c-9f11-92d11888b18f">
    <Description>These are default test settings for a local test run.</Description>
    <Deployment userDeploymentRoot="E:\Visual Studio Tools\RandomStackGenerator\RandomStackGenerator\TestResults" useDefaultDeploymentRoot="false" enabled="false" runDeploymentRoot="Сёмга_THEMOSTBRUTAL 2019-12-08 22_57_28">
      <DeploymentItem filename="E:\Visual Studio Tools\RandomStackGenerator\RandomStackGenerator\RandomStackGenerator\bin\Debug\RandomStackGenerator.dll" />
    </Deployment>
    <Execution>
      <TestTypeSpecific />
      <AgentRule name="Execution Agents">
      </AgentRule>
    </Execution>
  </TestSettings>
  <Times creation="2019-12-08T22:57:28.1886651+10:00" queuing="2019-12-08T22:57:29.3107293+10:00" start="2019-12-08T22:57:29.3957341+10:00" finish="2019-12-08T23:00:17.2343339+10:00" />
  <ResultSummary outcome="Error">
    <Counters total="1" executed="1" error="0" failed="0" timeout="0" aborted="1" inconclusive="0" passedButRunAborted="0" notRunnable="0" notExecuted="0" disconnected="0" warning="0" passed="0" completed="0" inProgress="0" pending="0" />
    <RunInfos>
      <RunInfo computerName="THEMOSTBRUTAL" outcome="Error" timestamp="2019-12-08T23:00:17.2323338+10:00">
        <Text>Test host process exited unexpectedly.</Text>
      </RunInfo>
    </RunInfos>
  </ResultSummary>
  <TestDefinitions>
    <UnitTest name="GenTest" storage="e:\visual studio tools\randomstackgenerator\randomstackgenerator\gentest\bin\debug\gentest.dll" id="be5c5aed-692f-cefa-eb3f-2f5b7f45c000">
      <Execution id="4f2f35fd-9b6b-4d55-8eaf-da4ae36bd785" />
      <TestMethod codeBase="E:/Visual Studio Tools/RandomStackGenerator/RandomStackGenerator/GenTest/bin/Debug/GenTest.DLL" adapterTypeName="Microsoft.VisualStudio.TestTools.TestTypes.Unit.UnitTestAdapter, Microsoft.VisualStudio.QualityTools.Tips.UnitTest.Adapter, Version=10.0.0.0, Culture=neutral, PublicKeyToken=b03f5f7f11d50a3a" className="GenTest.RandStackTest, GenTest, Version=1.0.0.0, Culture=neutral, PublicKeyToken=null" name="GenTest" />
    </UnitTest>
  </TestDefinitions>
  <TestLists>
    <TestList name="Results Not in a List" id="8c84fa94-04c1-424b-9868-57a2d4851a1d" />
    <TestList name="All Loaded Results" id="19431567-8539-422a-85d7-44ee4e166bda" />
  </TestLists>
  <TestEntries>
    <TestEntry testId="be5c5aed-692f-cefa-eb3f-2f5b7f45c000" executionId="4f2f35fd-9b6b-4d55-8eaf-da4ae36bd785" testListId="8c84fa94-04c1-424b-9868-57a2d4851a1d" />
  </TestEntries>
  <Results>
    <UnitTestResult executionId="4f2f35fd-9b6b-4d55-8eaf-da4ae36bd785" testId="be5c5aed-692f-cefa-eb3f-2f5b7f45c000" testName="GenTest" computerName="THEMOSTBRUTAL" duration="00:02:47.7645956" startTime="2019-12-08T22:57:29.4697383+10:00" endTime="2019-12-08T23:00:17.2343339+10:00" testType="13cdc9d9-ddb5-4fa4-a97d-d965ccfc6d4b" outcome="Aborted" testListId="8c84fa94-04c1-424b-9868-57a2d4851a1d" relativeResultsDirectory="4f2f35fd-9b6b-4d55-8eaf-da4ae36bd785">
    </UnitTestResult>
  </Results>
</TestRun>